/*C8*/SET SCHEMA PUBLIC
DISCONNECT
/*C9*/SET SCHEMA PUBLIC
DISCONNECT
/*C10*/SET SCHEMA PUBLIC
DISCONNECT
/*C11*/SET SCHEMA PUBLIC
DISCONNECT
/*C12*/SET SCHEMA PUBLIC
DISCONNECT
/*C13*/SET SCHEMA PUBLIC
DISCONNECT
/*C14*/SET SCHEMA PUBLIC
INSERT INTO RESERVA VALUES(18,'2016-06-13','2016-06-14',0,0,1,NULL,NULL)
COMMIT
DISCONNECT
/*C15*/SET SCHEMA PUBLIC
DELETE FROM RESERVA WHERE ID=16
COMMIT
DISCONNECT
/*C16*/SET SCHEMA PUBLIC
DISCONNECT
/*C17*/SET SCHEMA PUBLIC
DELETE FROM RESERVA WHERE ID=17
COMMIT
DISCONNECT
/*C18*/SET SCHEMA PUBLIC
DELETE FROM RESERVA WHERE ID=15
INSERT INTO RESERVA VALUES(15,'2016-06-13','2016-06-14',0,0,1,'0','')
COMMIT
DISCONNECT
